  pch.cpp
  common_code.cpp
c:\users\davidu\documents\eps\imageclassifier\train_bovw\common_code.cpp(195): warning C4244: 'argument': conversion from 'const _Tp' to 'int', possible loss of data
          with
          [
              _Tp=float
          ]
c:\users\davidu\documents\eps\imageclassifier\train_bovw\common_code.cpp(312): warning C4244: 'argument': conversion from '_Tp' to 'int', possible loss of data
          with
          [
              _Tp=float
          ]
  train_bovw.cpp
c:\users\davidu\documents\eps\imageclassifier\train_bovw\train_bovw.cpp(115): warning C4244: '+=': conversion from 'const _Tp' to 'int', possible loss of data
          with
          [
              _Tp=float
          ]
c:\users\davidu\documents\eps\imageclassifier\train_bovw\train_bovw.cpp(267): warning C4244: 'argument': conversion from 'double' to '_Tp', possible loss of data
          with
          [
              _Tp=int
          ]
c:\users\davidu\documents\eps\imageclassifier\train_bovw\train_bovw.cpp(371): warning C4244: 'argument': conversion from 'size_t' to 'const _Ty', possible loss of data
          with
          [
              _Ty=float
          ]
c:\users\davidu\documents\eps\imageclassifier\train_bovw\train_bovw.cpp(421): warning C4244: 'argument': conversion from 'double' to '_Tp', possible loss of data
          with
          [
              _Tp=int
          ]
c:\users\davidu\documents\eps\imageclassifier\train_bovw\train_bovw.cpp(467): warning C4244: 'argument': conversion from 'size_t' to 'const _Ty', possible loss of data
          with
          [
              _Ty=float
          ]
c:\users\davidu\documents\eps\imageclassifier\train_bovw\train_bovw.cpp(496): warning C4244: '=': conversion from 'double' to '_Ty', possible loss of data
          with
          [
              _Ty=float
          ]
  Generating Code...
  train_bovw.vcxproj -> C:\Users\DavidU\Documents\EPS\ImageClassifier\Debug\train_bovw.exe
  0 File(s) copied
